
_CPU en uso: 6.00% Evento: niguno  Fecha: lun 09 nov 2020 21:30:01 -05 Proceso: top 
_CPU en uso: 6.00% Evento: niguno  Fecha: lun 09 nov 2020 21:35:01 -05 Proceso: Xorg 
_CPU en uso: 6.00% Evento: niguno  Fecha: lun 09 nov 2020 21:40:01 -05 Proceso: systemd 
_CPU en uso: 10.00% Evento: niguno  Fecha: lun 09 nov 2020 21:45:01 -05 Proceso: cinnamon 
_CPU en uso: 26.00% Evento: alto consumo  Fecha: lun 09 nov 2020 21:50:01 -05 Proceso: cinnamon 
_CPU en uso: 20.00% Evento: alto consumo  Fecha: lun 09 nov 2020 21:55:01 -05 Proceso: firefox 
_CPU en uso: 5.00% Evento: niguno  Fecha: lun 09 nov 2020 22:00:01 -05
_CPU en uso: 10.00% Evento: niguno  Fecha: lun 09 nov 2020 22:05:01 -05
_CPU en uso: 2.00% Evento: niguno  Fecha: lun 09 nov 2020 22:10:01 -05
_CPU en uso: 1.00% Evento: niguno  Fecha: lun 09 nov 2020 22:15:01 -05
_CPU en uso: 0% Evento: niguno  Fecha: lun 09 nov 2020 22:20:01 -05
_CPU en uso: 3.00% Evento: niguno  Fecha: lun 09 nov 2020 22:25:01 -05
_CPU en uso: 5.00% Evento: niguno  Fecha: lun 09 nov 2020 22:30:01 -05
_CPU en uso: 3.00% Evento: niguno  Fecha: lun 09 nov 2020 22:35:01 -05
_CPU en uso: 1.00% Evento: niguno  Fecha: lun 09 nov 2020 22:40:01 -05
_CPU en uso: 5.00% Evento: niguno  Fecha: lun 09 nov 2020 22:45:01 -05
_CPU en uso: 6.00% Evento: niguno  Fecha: lun 09 nov 2020 22:50:01 -05
_CPU en uso: 7.00% Evento: niguno  Fecha: lun 09 nov 2020 22:55:01 -05
_CPU en uso: 11.00% Evento: alto consumo  Fecha: lun 09 nov 2020 23:00:01 -05 Proceso: Xorg 
_CPU en uso: 14.00% Evento: alto consumo  Fecha: lun 09 nov 2020 23:05:01 -05 Proceso: cinnamon 
_CPU en uso: 1.00% Evento: niguno  Fecha: lun 09 nov 2020 23:10:01 -05
_CPU en uso: 1.00% Evento: niguno  Fecha: lun 09 nov 2020 23:15:01 -05
_CPU en uso: 3.00% Evento: niguno  Fecha: lun 09 nov 2020 23:20:01 -05
