Time: lun 09 nov 2020 18:20:26 -05. se ha creado noexiste.txt.
Time: lun 09 nov 2020 18:20:36 -05. se ha eliminado noexiste.txt.
Time: lun 09 nov 2020 18:20:51 -05. se ha creado noexiste.txt.
Time: lun 09 nov 2020 18:21:07 -05. se ha modificado noexiste.txt.
Time: lun 09 nov 2020 18:21:07 -05. se ha accedido a noexiste.txt.
Time: lun 09 nov 2020 18:21:22 -05. se ha eliminado noexiste.txt.
Time: lun 09 nov 2020 18:22:03 -05. se ha creado noexiste.txt.
Time: lun 09 nov 2020 18:22:18 -05. se ha accedido a noexiste.txt.
Time: lun 09 nov 2020 18:22:28 -05. se ha modificado noexiste.txt.
Time: lun 09 nov 2020 20:55:07 -05. se ha eliminado noexiste.txt.
Time: lun 09 nov 2020 22:57:56 -05. se ha accedido a archivos_a_monitorear/carta.txt.
Time: lun 09 nov 2020 22:57:57 -05. se ha accedido a archivos_a_monitorear/cancion.mp3.
Time: lun 09 nov 2020 22:58:03 -05. se ha modificado archivos_a_monitorear/carta.txt.
Time: lun 09 nov 2020 22:58:03 -05. se ha accedido a archivos_a_monitorear/carta.txt.
Time: lun 09 nov 2020 22:58:04 -05. se ha accedido a archivos_a_monitorear/cancion.mp3.
Time: lun 09 nov 2020 22:58:10 -05. se ha modificado archivos_a_monitorear/carta.txt.
Time: lun 09 nov 2020 22:58:10 -05. se ha accedido a archivos_a_monitorear/carta.txt.
Time: lun 09 nov 2020 22:58:11 -05. se ha accedido a archivos_a_monitorear/cancion.mp3.
Time: lun 09 nov 2020 22:58:18 -05. se ha modificado archivos_a_monitorear/carta.txt.
Time: lun 09 nov 2020 22:58:18 -05. se ha accedido a archivos_a_monitorear/carta.txt.
Time: lun 09 nov 2020 22:58:19 -05. se ha accedido a archivos_a_monitorear/cancion.mp3.
Time: lun 09 nov 2020 22:58:25 -05. se ha modificado archivos_a_monitorear/carta.txt.
Time: lun 09 nov 2020 22:58:25 -05. se ha accedido a archivos_a_monitorear/carta.txt.
Time: lun 09 nov 2020 22:58:26 -05. se ha accedido a archivos_a_monitorear/cancion.mp3.
Time: lun 09 nov 2020 22:58:32 -05. se ha modificado archivos_a_monitorear/carta.txt.
Time: lun 09 nov 2020 22:58:32 -05. se ha accedido a archivos_a_monitorear/carta.txt.
Time: lun 09 nov 2020 22:58:33 -05. se ha accedido a archivos_a_monitorear/cancion.mp3.
Time: lun 09 nov 2020 22:58:39 -05. se ha modificado archivos_a_monitorear/carta.txt.
Time: lun 09 nov 2020 22:58:39 -05. se ha accedido a archivos_a_monitorear/carta.txt.
Time: lun 09 nov 2020 22:58:40 -05. se ha accedido a archivos_a_monitorear/cancion.mp3.
Time: lun 09 nov 2020 22:58:46 -05. se ha modificado archivos_a_monitorear/carta.txt.
Time: lun 09 nov 2020 22:58:46 -05. se ha accedido a archivos_a_monitorear/carta.txt.
Time: lun 09 nov 2020 22:58:47 -05. se ha accedido a archivos_a_monitorear/cancion.mp3.
Time: lun 09 nov 2020 23:01:21 -05. se ha modificado carta.txt.
Time: lun 09 nov 2020 23:01:21 -05. se ha accedido a carta.txt.
Time: lun 09 nov 2020 23:02:11 -05. se ha eliminado cancion.mp3.
Time: lun 09 nov 2020 23:02:35 -05. se ha eliminado examen.pdf.
Time: lun 09 nov 2020 23:02:48 -05. se ha eliminado foto.jpg.
Time: lun 09 nov 2020 23:03:12 -05. se ha modificado documentos.txt.
Time: lun 09 nov 2020 23:03:12 -05. se ha accedido a documentos.txt.
Time: lun 09 nov 2020 23:03:19 -05. se ha modificado documentos.txt.
Time: lun 09 nov 2020 23:03:19 -05. se ha accedido a documentos.txt.
Time: lun 09 nov 2020 23:03:26 -05. se ha modificado documentos.txt.
Time: lun 09 nov 2020 23:03:26 -05. se ha accedido a documentos.txt.
Time: lun 09 nov 2020 23:03:29 -05. se ha modificado poema.txt.
Time: lun 09 nov 2020 23:03:29 -05. se ha accedido a poema.txt.
Time: lun 09 nov 2020 23:03:33 -05. se ha modificado documentos.txt.
Time: lun 09 nov 2020 23:03:33 -05. se ha accedido a documentos.txt.
Time: lun 09 nov 2020 23:03:36 -05. se ha modificado poema.txt.
Time: lun 09 nov 2020 23:03:36 -05. se ha accedido a poema.txt.
Time: lun 09 nov 2020 23:03:40 -05. se ha modificado documentos.txt.
Time: lun 09 nov 2020 23:03:40 -05. se ha accedido a documentos.txt.
Time: lun 09 nov 2020 23:03:44 -05. se ha modificado poema.txt.
Time: lun 09 nov 2020 23:03:44 -05. se ha accedido a poema.txt.
